<?xml version="1.0" encoding="utf-8"?><testsuites name="pytest tests"><testsuite name="pytest" errors="0" failures="0" skipped="0" tests="42" time="90.976" timestamp="2026-09-11T15:10:18.440295+00:00" hostname="agent-env-9c610c3a-e4d7-487a-99ee-832ad1fcfc45"><testcase classname="tests.backend_test.TestAuth" name="test_me_unauth" time="0.292" /><testcase classname="tests.backend_test.TestAuth" name="test_me_patient" time="0.135" /><testcase classname="tests.backend_test.TestAuth" name="test_me_admin" time="0.169" /><testcase classname="tests.backend_test.TestAuth" name="test_me_doctor" time="0.174" /><testcase classname="tests.backend_test.TestAuth" name="test_invalid_token" time="0.158" /><testcase classname="tests.backend_test.TestAdminFlow" name="test_create_hospital" time="0.129" /><testcase classname="tests.backend_test.TestAdminFlow" name="test_non_admin_cannot_create_hospital" time="0.143" /><testcase classname="tests.backend_test.TestAdminFlow" name="test_add_hospital_image" time="0.164" /><testcase classname="tests.backend_test.TestAdminFlow" name="test_add_departments" time="0.413" /><testcase classname="tests.backend_test.TestAdminFlow" name="test_create_doctor" time="0.182" /><testcase classname="tests.backend_test.TestAdminFlow" name="test_admin_stats" time="0.164" /><testcase classname="tests.backend_test.TestHospitalSearch" name="test_search_partial_name" time="0.187" /><testcase classname="tests.backend_test.TestHospitalSearch" name="test_filter_by_city" time="0.178" /><testcase classname="tests.backend_test.TestHospitalSearch" name="test_get_hospital_detail" time="0.172" /><testcase classname="tests.backend_test.TestAppointments" name="test_availability" time="0.166" /><testcase classname="tests.backend_test.TestAppointments" name="test_book_appointment" time="0.167" /><testcase classname="tests.backend_test.TestAppointments" name="test_double_booking_prevention" time="0.160" /><testcase classname="tests.backend_test.TestAppointments" name="test_list_appointments_patient" time="0.161" /><testcase classname="tests.backend_test.TestAppointments" name="test_list_appointments_doctor" time="0.147" /><testcase classname="tests.backend_test.TestAppointments" name="test_doctor_sets_status_confirmed" time="0.163" /><testcase classname="tests.backend_test.TestAppointments" name="test_other_patient_cannot_access" time="0.209" /><testcase classname="tests.backend_test.TestAppointments" name="test_reschedule" time="0.148" /><testcase classname="tests.backend_test.TestAppointments" name="test_cancel" time="0.190" /><testcase classname="tests.backend_test.TestLeave" name="test_doctor_applies_leave" time="0.139" /><testcase classname="tests.backend_test.TestLeave" name="test_admin_approves_leave" time="0.186" /><testcase classname="tests.backend_test.TestLeave" name="test_availability_shows_on_leave" time="0.164" /><testcase classname="tests.backend_test.TestLeave" name="test_booking_blocked_on_leave" time="0.154" /><testcase classname="tests.backend_test.TestMedical" name="test_doctor_creates_record" time="0.133" /><testcase classname="tests.backend_test.TestMedical" name="test_prescription" time="0.136" /><testcase classname="tests.backend_test.TestMedical" name="test_lab_test_request" time="0.192" /><testcase classname="tests.backend_test.TestMedical" name="test_patient_can_see_records" time="0.139" /><testcase classname="tests.backend_test.TestMedical" name="test_patient2_cannot_access_p1" time="0.161" /><testcase classname="tests.backend_test.TestReports" name="test_upload_report" time="5.224" /><testcase classname="tests.backend_test.TestReports" name="test_get_report" time="0.195" /><testcase classname="tests.backend_test.TestReports" name="test_report_file_streams" time="0.317" /><testcase classname="tests.backend_test.TestReports" name="test_other_patient_forbidden" time="68.274" /><testcase classname="tests.backend_test.TestReports" name="test_delete_report" time="0.412" /><testcase classname="tests.backend_test.TestAIChat" name="test_chat_stream" time="7.972" /><testcase classname="tests.backend_test.TestAIChat" name="test_list_conversations" time="0.192" /><testcase classname="tests.backend_test.TestAIChat" name="test_chat_leak_prevention" time="1.618" /><testcase classname="tests.backend_test.TestNotifications" name="test_list_notifications_patient" time="0.160" /><testcase classname="tests.backend_test.TestNotifications" name="test_read_all" time="0.900" /></testsuite></testsuites>